INFO    : Since no target was supplied, we will use "web".

INFO    : Building target web
INFO    : string parameters passed to extraction stylesheet: {'publisher': '/Users/swright8/Desktop/Math in Society/publication/publication.ptx'}
INFO    : discovering source file's directory name: /Users/swright8/Desktop/Math in Society/source
INFO    : verifying and expanding input directory: /Users/swright8/Desktop/Math in Society/source/../generated-assets
INFO    : input directory expanded to absolute path: /Users/swright8/Desktop/Math in Society/generated-assets
INFO    : verifying and expanding input directory: /Users/swright8/Desktop/Math in Society/source/../assets
INFO    : input directory expanded to absolute path: /Users/swright8/Desktop/Math in Society/assets
INFO    : XSL conversion of /Users/swright8/Desktop/Math in Society/source/main.ptx by /Users/swright8/.ptx/2.12.0/core/xsl/extract-pg.xsl
INFO    : messages from the log for XSL processing:
INFO    : * PTX:INFO:   checking ONLY the last TWO YEARS of element deprecations.
Rerun with the string parameter "author.deprecations.all" set to "yes" to check your source against all deprecations.
INFO    : successful application of /Users/swright8/.ptx/2.12.0/core/xsl/extract-pg.xsl
INFO    : validating, cleaning server URL: https://webwork-ptx.aimath.org
INFO    : building representations of server-based WeBWorK problem
INFO    : sending webwork-2 to server to save in /Users/swright8/Desktop/Math in Society/generated-assets/webwork/webwork-representations.xml: origin is 'server'
INFO    : saving image file webwork-2-image-1.png  in /Users/swright8/Desktop/Math in Society/generated-assets/webwork/images
INFO    : saving image file webwork-2-image-2.png  in /Users/swright8/Desktop/Math in Society/generated-assets/webwork/images
INFO    : Removing temporary directory /var/folders/14/0h82dpl96vb075h3bp9s2dzh0000gq/T/ptx-z5xidn_m
INFO    : Preparing to build into /Users/swright8/Desktop/Math in Society/output/web.
INFO    : XSL conversion of /Users/swright8/Desktop/Math in Society/source/main.ptx by /Users/swright8/.ptx/2.12.0/core/xsl/utilities/report-publisher-variables.xsl
INFO    : messages from the log for XSL processing:
ERROR   : * PTX:ERROR:    The WeBWorK problem with internal id "webwork-1"
INFO    : *               could not be located in the file of WeBWorK problems from
INFO    : *               the server, which your publication file indicates should be located
INFO    : *               at "../generated-assets/webwork/webwork-representations.xml". 
INFO    : *               If there are many messages like this, then likely your file is missing. 
INFO    : *               But if this is an isolated error message, then it may indicate a bug,
INFO    : *               which should be reported.
INFO    : successful application of /Users/swright8/.ptx/2.12.0/core/xsl/utilities/report-publisher-variables.xsl
INFO    : discovering source file's directory name: /Users/swright8/Desktop/Math in Society/source
INFO    : verifying and expanding input directory: /Users/swright8/Desktop/Math in Society/source/../generated-assets
INFO    : input directory expanded to absolute path: /Users/swright8/Desktop/Math in Society/generated-assets
INFO    : verifying and expanding input directory: /Users/swright8/Desktop/Math in Society/source/../assets
INFO    : input directory expanded to absolute path: /Users/swright8/Desktop/Math in Society/assets
INFO    : Runestone Services via online CDN query: version 7.5.6
INFO    : Downloading Runestone Services, version 7.5.6
INFO    : Extracting Runestone Services from archive file
INFO    : converting /Users/swright8/Desktop/Math in Society/source/main.ptx to HTML in /var/folders/14/0h82dpl96vb075h3bp9s2dzh0000gq/T/ptx-kphlsguq
INFO    : XSL conversion of /Users/swright8/Desktop/Math in Society/source/main.ptx by /Users/swright8/.ptx/2.12.0/core/xsl/pretext-html.xsl
INFO    : messages from the log for XSL processing:
ERROR   : * PTX:ERROR:    The WeBWorK problem with internal id "webwork-1"
INFO    : *               could not be located in the file of WeBWorK problems from
INFO    : *               the server, which your publication file indicates should be located
INFO    : *               at "../generated-assets/webwork/webwork-representations.xml". 
INFO    : *               If there are many messages like this, then likely your file is missing. 
INFO    : *               But if this is an isolated error message, then it may indicate a bug,
INFO    : *               which should be reported.
INFO    : * PTX:INFO:   checking ONLY the last TWO YEARS of element deprecations.
Rerun with the string parameter "author.deprecations.all" set to "yes" to check your source against all deprecations.
INFO    : successful application of /Users/swright8/.ptx/2.12.0/core/xsl/pretext-html.xsl
INFO    : Removing temporary directory /var/folders/14/0h82dpl96vb075h3bp9s2dzh0000gq/T/ptx-6183r_s5
INFO    : Removing temporary directory /var/folders/14/0h82dpl96vb075h3bp9s2dzh0000gq/T/ptx-kphlsguq
INFO    : 
Success! Run `pretext view` to see the results.

INFO    : 
----------------------------------------------------
INFO    : While running pretext, the following errors occurred:

INFO    : (see log messages above or in the 'logs' folder for more information)
INFO    : ----------------------------------------------------
