INFO    : Since no target was supplied, we will use "web".

INFO    : Building target web
INFO    : PreTeXt source passed schema validation.
INFO    : converting latex-image pictures from /Users/swright8/Desktop/Math in Society/source/main.ptx to svg graphics for placement in /Users/swright8/Desktop/Math in Society/generated-assets/latex-image
INFO    : extracting latex-image pictures from /Users/swright8/Desktop/Math in Society/source/main.ptx
INFO    : string parameters passed to extraction stylesheet: {'publisher': '/Users/swright8/Desktop/Math in Society/publication/publication.ptx', 'subtree': 'mixednumberpizza'}
INFO    : discovering source file's directory name: /Users/swright8/Desktop/Math in Society/source
INFO    : verifying and expanding input directory: /Users/swright8/Desktop/Math in Society/source/../generated-assets
INFO    : input directory expanded to absolute path: /Users/swright8/Desktop/Math in Society/generated-assets
INFO    : verifying and expanding input directory: /Users/swright8/Desktop/Math in Society/source/../assets
INFO    : input directory expanded to absolute path: /Users/swright8/Desktop/Math in Society/assets
INFO    : XSL conversion of /Users/swright8/Desktop/Math in Society/source/main.ptx by /Users/swright8/.ptx/2.12.0/core/xsl/extract-latex-image.xsl
INFO    : messages from the log for XSL processing:
INFO    : * PTX:INFO:   checking ONLY the last TWO YEARS of element deprecations.
Rerun with the string parameter "author.deprecations.all" set to "yes" to check your source against all deprecations.
INFO    : successful application of /Users/swright8/.ptx/2.12.0/core/xsl/extract-latex-image.xsl
INFO    : converting mixednumberpizza.tex to mixednumberpizza.pdf
ERROR   : LaTeX compilation of mixednumberpizza.tex failed.
Re-run, requesting "source" as the format, to analyze the image.
Likely creating the entire document as PDF will fail similarly.
The transcript of the LaTeX run follows.
WARNING : LaTeX compilation of mixednumberpizza.tex failed
ERROR   : Unable to generate some latex-image assets:
 LaTeX compilation failed for 1 "latex-image"(s).
Review the log for error messages, and LaTeX transcripts.
Images are:
  mixednumberpizza.tex
INFO    : Removing temporary directory /var/folders/14/0h82dpl96vb075h3bp9s2dzh0000gq/T/ptx-vyy0y2xl
INFO    : Preparing to build into /Users/swright8/Desktop/Math in Society/output/web.
INFO    : XSL conversion of /Users/swright8/Desktop/Math in Society/source/main.ptx by /Users/swright8/.ptx/2.12.0/core/xsl/utilities/report-publisher-variables.xsl
INFO    : successful application of /Users/swright8/.ptx/2.12.0/core/xsl/utilities/report-publisher-variables.xsl
INFO    : discovering source file's directory name: /Users/swright8/Desktop/Math in Society/source
INFO    : verifying and expanding input directory: /Users/swright8/Desktop/Math in Society/source/../generated-assets
INFO    : input directory expanded to absolute path: /Users/swright8/Desktop/Math in Society/generated-assets
INFO    : verifying and expanding input directory: /Users/swright8/Desktop/Math in Society/source/../assets
INFO    : input directory expanded to absolute path: /Users/swright8/Desktop/Math in Society/assets
INFO    : Runestone Services via online CDN query: version 7.5.9
INFO    : Downloading Runestone Services, version 7.5.9
INFO    : Extracting Runestone Services from archive file
INFO    : converting /Users/swright8/Desktop/Math in Society/source/main.ptx to HTML in /var/folders/14/0h82dpl96vb075h3bp9s2dzh0000gq/T/ptx-n0huubha
INFO    : XSL conversion of /Users/swright8/Desktop/Math in Society/source/main.ptx by /Users/swright8/.ptx/2.12.0/core/xsl/pretext-html.xsl
INFO    : messages from the log for XSL processing:
INFO    : * PTX:INFO:   checking ONLY the last TWO YEARS of element deprecations.
Rerun with the string parameter "author.deprecations.all" set to "yes" to check your source against all deprecations.
WARNING : * PTX:DEPRECATE: (2024-07-12) the html/css/@style publication file entry has been deprecated for replacement by @theme. See the Guide for theme options.
INFO    : * --------------
WARNING : * PTX:DEPRECATE: (2024-07-12) the html/css/@toc, @navbar, @shell, @knowls, and @banner publication entries have been deprecated. Use @theme to control html appearance. See the Guide for theme options.
INFO    : * --------------
INFO    : successful application of /Users/swright8/.ptx/2.12.0/core/xsl/pretext-html.xsl
INFO    : Removing temporary directory /var/folders/14/0h82dpl96vb075h3bp9s2dzh0000gq/T/ptx-cx10mlof
INFO    : Removing temporary directory /var/folders/14/0h82dpl96vb075h3bp9s2dzh0000gq/T/ptx-n0huubha
INFO    : 
Success! Run `pretext view` to see the results.

INFO    : 
----------------------------------------------------
INFO    : While running pretext, the following errors occurred:

INFO    : (see log messages above or in the 'logs' folder for more information)
INFO    : ----------------------------------------------------
