INFO    : Since no target was supplied, we will use "web".

INFO    : Building target web
INFO    : PreTeXt source passed schema validation.
INFO    : string parameters passed to extraction stylesheet: {'publisher': '/Users/swright8/Desktop/Math in Society/publication/publication.ptx'}
INFO    : discovering source file's directory name: /Users/swright8/Desktop/Math in Society/source
INFO    : verifying and expanding input directory: /Users/swright8/Desktop/Math in Society/source/../generated-assets
INFO    : input directory expanded to absolute path: /Users/swright8/Desktop/Math in Society/generated-assets
INFO    : verifying and expanding input directory: /Users/swright8/Desktop/Math in Society/source/../assets
INFO    : input directory expanded to absolute path: /Users/swright8/Desktop/Math in Society/assets
INFO    : XSL conversion of /Users/swright8/Desktop/Math in Society/source/main.ptx by /Users/swright8/.ptx/2.12.0/core/xsl/extract-pg.xsl
INFO    : messages from the log for XSL processing:
INFO    : * PTX:INFO:   checking ONLY the last TWO YEARS of element deprecations.
Rerun with the string parameter "author.deprecations.all" set to "yes" to check your source against all deprecations.
INFO    : successful application of /Users/swright8/.ptx/2.12.0/core/xsl/extract-pg.xsl
INFO    : validating, cleaning server URL: https://webwork.fitchburgstate.edu
INFO    : building representations of server-based WeBWorK problem
INFO    : sending webwork-1 to server to save in /Users/swright8/Desktop/Math in Society/generated-assets/webwork/webwork-representations.xml: origin is 'server'
INFO    : saving image file webwork-1-image-1.png  in /Users/swright8/Desktop/Math in Society/generated-assets/webwork/images
INFO    : building representations of server-based WeBWorK problem
INFO    : sending webwork-2 to server to save in /Users/swright8/Desktop/Math in Society/generated-assets/webwork/webwork-representations.xml: origin is 'server'
INFO    : building representations of server-based WeBWorK problem
INFO    : sending webwork-3 to server to save in /Users/swright8/Desktop/Math in Society/generated-assets/webwork/webwork-representations.xml: origin is 'server'
INFO    : Removing temporary directory /var/folders/14/0h82dpl96vb075h3bp9s2dzh0000gq/T/ptx-vv_183ep
INFO    : Preparing to build into /Users/swright8/Desktop/Math in Society/output/web.
INFO    : XSL conversion of /Users/swright8/Desktop/Math in Society/source/main.ptx by /Users/swright8/.ptx/2.12.0/core/xsl/utilities/report-publisher-variables.xsl
INFO    : successful application of /Users/swright8/.ptx/2.12.0/core/xsl/utilities/report-publisher-variables.xsl
INFO    : discovering source file's directory name: /Users/swright8/Desktop/Math in Society/source
INFO    : verifying and expanding input directory: /Users/swright8/Desktop/Math in Society/source/../generated-assets
INFO    : input directory expanded to absolute path: /Users/swright8/Desktop/Math in Society/generated-assets
INFO    : verifying and expanding input directory: /Users/swright8/Desktop/Math in Society/source/../assets
INFO    : input directory expanded to absolute path: /Users/swright8/Desktop/Math in Society/assets
INFO    : Runestone Services via online CDN query: version 7.5.10
INFO    : Downloading Runestone Services, version 7.5.10
INFO    : Extracting Runestone Services from archive file
INFO    : converting /Users/swright8/Desktop/Math in Society/source/main.ptx to HTML in /var/folders/14/0h82dpl96vb075h3bp9s2dzh0000gq/T/ptx-9in8xlqc
INFO    : XSL conversion of /Users/swright8/Desktop/Math in Society/source/main.ptx by /Users/swright8/.ptx/2.12.0/core/xsl/pretext-html.xsl
INFO    : messages from the log for XSL processing:
INFO    : * PTX:INFO:   checking ONLY the last TWO YEARS of element deprecations.
Rerun with the string parameter "author.deprecations.all" set to "yes" to check your source against all deprecations.
WARNING : * PTX:DEPRECATE: (2024-07-12) the html/css/@style publication file entry has been deprecated for replacement by @theme. See the Guide for theme options.
INFO    : * --------------
WARNING : * PTX:DEPRECATE: (2024-07-12) the html/css/@toc, @navbar, @shell, @knowls, and @banner publication entries have been deprecated. Use @theme to control html appearance. See the Guide for theme options.
INFO    : * --------------
INFO    : successful application of /Users/swright8/.ptx/2.12.0/core/xsl/pretext-html.xsl
INFO    : Removing temporary directory /var/folders/14/0h82dpl96vb075h3bp9s2dzh0000gq/T/ptx-cvq2k6fa
INFO    : Removing temporary directory /var/folders/14/0h82dpl96vb075h3bp9s2dzh0000gq/T/ptx-9in8xlqc
INFO    : 
Success! Run `pretext view` to see the results.

INFO    : 
