INFO    : Since no target was supplied, we will use "web".

INFO    : Building target web
INFO    : PreTeXt source passed schema validation.
INFO    : Preparing to build into /Users/swright8/Desktop/Math in Society/output/web.
INFO    : XSL conversion of /Users/swright8/Desktop/Math in Society/source/main.ptx by /Users/swright8/.ptx/2.12.0/core/xsl/utilities/report-publisher-variables.xsl
INFO    : successful application of /Users/swright8/.ptx/2.12.0/core/xsl/utilities/report-publisher-variables.xsl
INFO    : discovering source file's directory name: /Users/swright8/Desktop/Math in Society/source
INFO    : verifying and expanding input directory: /Users/swright8/Desktop/Math in Society/source/../generated-assets
INFO    : input directory expanded to absolute path: /Users/swright8/Desktop/Math in Society/generated-assets
INFO    : verifying and expanding input directory: /Users/swright8/Desktop/Math in Society/source/../assets
INFO    : input directory expanded to absolute path: /Users/swright8/Desktop/Math in Society/assets
INFO    : Runestone Services via online CDN query: version 7.5.10
INFO    : Downloading Runestone Services, version 7.5.10
INFO    : Extracting Runestone Services from archive file
INFO    : converting /Users/swright8/Desktop/Math in Society/source/main.ptx to HTML in /var/folders/14/0h82dpl96vb075h3bp9s2dzh0000gq/T/ptx-rb23o9wc
INFO    : XSL conversion of /Users/swright8/Desktop/Math in Society/source/main.ptx by /Users/swright8/.ptx/2.12.0/core/xsl/pretext-html.xsl
INFO    : messages from the log for XSL processing:
INFO    : * PTX:INFO:   checking ONLY the last TWO YEARS of element deprecations.
Rerun with the string parameter "author.deprecations.all" set to "yes" to check your source against all deprecations.
INFO    : successful application of /Users/swright8/.ptx/2.12.0/core/xsl/pretext-html.xsl
INFO    : Removing temporary directory /var/folders/14/0h82dpl96vb075h3bp9s2dzh0000gq/T/ptx-3avp5l86
INFO    : Removing temporary directory /var/folders/14/0h82dpl96vb075h3bp9s2dzh0000gq/T/ptx-rb23o9wc
INFO    : 
Success! Run `pretext view` to see the results.

INFO    : 
